<?xml version="1.0" encoding="UTF-8" ?>
<testsuite failures="0" time="0.145" errors="0" skipped="0" tests="8" name="org.johngao.minibean.test.all.MiniBeanTest">
  <properties>
    <property name="java.runtime.name" value="Java(TM) SE Runtime Environment"/>
    <property name="sun.boot.library.path" value="D:\Program Files\Java\jdk1.7.0_15\jre\bin"/>
    <property name="java.vm.version" value="23.7-b01"/>
    <property name="java.vm.vendor" value="Oracle Corporation"/>
    <property name="java.vendor.url" value="http://java.oracle.com/"/>
    <property name="path.separator" value=";"/>
    <property name="guice.disable.misplaced.annotation.check" value="true"/>
    <property name="java.vm.name" value="Java HotSpot(TM) Client VM"/>
    <property name="file.encoding.pkg" value="sun.io"/>
    <property name="user.script" value=""/>
    <property name="user.country" value="CN"/>
    <property name="sun.java.launcher" value="SUN_STANDARD"/>
    <property name="sun.os.patch.level" value=""/>
    <property name="java.vm.specification.name" value="Java Virtual Machine Specification"/>
    <property name="user.dir" value="F:\minibus"/>
    <property name="java.runtime.version" value="1.7.0_15-b03"/>
    <property name="java.awt.graphicsenv" value="sun.awt.Win32GraphicsEnvironment"/>
    <property name="java.endorsed.dirs" value="D:\Program Files\Java\jdk1.7.0_15\jre\lib\endorsed"/>
    <property name="os.arch" value="x86"/>
    <property name="java.io.tmpdir" value="C:\Users\JohnGao\AppData\Local\Temp\"/>
    <property name="line.separator" value="
"/>
    <property name="java.vm.specification.vendor" value="Oracle Corporation"/>
    <property name="user.variant" value=""/>
    <property name="os.name" value="Windows 7"/>
    <property name="classworlds.conf" value="F:\myProject\.metadata\.plugins\org.eclipse.m2e.core\launches\m2conf698038345359764750.tmp"/>
    <property name="sun.jnu.encoding" value="GBK"/>
    <property name="java.library.path" value="D:\Program Files\Java\jdk1.7.0_15\bin;C:\Windows\Sun\Java\bin;C:\Windows\system32;C:\Windows;D:/Program Files/Java/jre7/bin/client;D:/Program Files/Java/jre7/bin;D:/Program Files/Java/jre7/lib/i386;C:\Program Files\Common Files\NetSarang;C:\Windows\system32;C:\Windows;C:\Windows\System32\Wbem;C:\Windows\System32\WindowsPowerShell\v1.0\;D:\Program Files\TortoiseSVN\bin;D:\Program Files\Java\jdk1.7.0_15\bin;D:\Program Files\spring-tool-suite-3.1.0.RELEASE-e4.2-win32\springsource\sts-3.1.0.RELEASE;;."/>
    <property name="java.specification.name" value="Java Platform API Specification"/>
    <property name="java.class.version" value="51.0"/>
    <property name="sun.management.compiler" value="HotSpot Client Compiler"/>
    <property name="os.version" value="6.1"/>
    <property name="user.home" value="C:\Users\JohnGao"/>
    <property name="user.timezone" value="Asia/Shanghai"/>
    <property name="java.awt.printerjob" value="sun.awt.windows.WPrinterJob"/>
    <property name="java.specification.version" value="1.7"/>
    <property name="file.encoding" value="GBK"/>
    <property name="user.name" value="JohnGao"/>
    <property name="java.class.path" value="/D:/Program Files/spring-tool-suite-3.1.0.RELEASE-e4.2-win32/springsource/sts-3.1.0.RELEASE/configuration/org.eclipse.osgi/bundles/572/1/.cp/jars/plexus-classworlds-2.4.jar"/>
    <property name="java.vm.specification.version" value="1.7"/>
    <property name="sun.arch.data.model" value="32"/>
    <property name="java.home" value="D:\Program Files\Java\jdk1.7.0_15\jre"/>
    <property name="sun.java.command" value="org.codehaus.plexus.classworlds.launcher.Launcher -B test"/>
    <property name="java.specification.vendor" value="Oracle Corporation"/>
    <property name="user.language" value="zh"/>
    <property name="awt.toolkit" value="sun.awt.windows.WToolkit"/>
    <property name="java.vm.info" value="mixed mode, sharing"/>
    <property name="java.version" value="1.7.0_15"/>
    <property name="java.ext.dirs" value="D:\Program Files\Java\jdk1.7.0_15\jre\lib\ext;C:\Windows\Sun\Java\lib\ext"/>
    <property name="sun.boot.class.path" value="D:\Program Files\Java\jdk1.7.0_15\jre\lib\resources.jar;D:\Program Files\Java\jdk1.7.0_15\jre\lib\rt.jar;D:\Program Files\Java\jdk1.7.0_15\jre\lib\sunrsasign.jar;D:\Program Files\Java\jdk1.7.0_15\jre\lib\jsse.jar;D:\Program Files\Java\jdk1.7.0_15\jre\lib\jce.jar;D:\Program Files\Java\jdk1.7.0_15\jre\lib\charsets.jar;D:\Program Files\Java\jdk1.7.0_15\jre\lib\jfr.jar;D:\Program Files\Java\jdk1.7.0_15\jre\classes"/>
    <property name="java.vendor" value="Oracle Corporation"/>
    <property name="maven.home" value="F:\minibus\EMBEDDED"/>
    <property name="file.separator" value="\"/>
    <property name="java.vendor.url.bug" value="http://bugreport.sun.com/bugreport/"/>
    <property name="sun.cpu.endian" value="little"/>
    <property name="sun.io.unicode.encoding" value="UnicodeLittle"/>
    <property name="sun.desktop" value="windows"/>
    <property name="sun.cpu.isalist" value="pentium_pro+mmx pentium_pro pentium+mmx pentium i486 i386 i86"/>
  </properties>
  <testcase time="0.012" classname="org.johngao.minibean.test.all.MiniBeanTest" name="test1"/>
  <testcase time="0" classname="org.johngao.minibean.test.all.MiniBeanTest" name="test2"/>
  <testcase time="0" classname="org.johngao.minibean.test.all.MiniBeanTest" name="test3"/>
  <testcase time="0" classname="org.johngao.minibean.test.all.MiniBeanTest" name="test4"/>
  <testcase time="0" classname="org.johngao.minibean.test.all.MiniBeanTest" name="test5"/>
  <testcase time="0.001" classname="org.johngao.minibean.test.all.MiniBeanTest" name="test6"/>
  <testcase time="0" classname="org.johngao.minibean.test.all.MiniBeanTest" name="test7"/>
  <testcase time="0.064" classname="org.johngao.minibean.test.all.MiniBeanTest" name="test8"/>
</testsuite>